GROUP,PACKAGE,CLASS,INSTRUCTION_MISSED,INSTRUCTION_COVERED,BRANCH_MISSED,BRANCH_COVERED,LINE_MISSED,LINE_COVERED,COMPLEXITY_MISSED,COMPLEXITY_COVERED,METHOD_MISSED,METHOD_COVERED
mybatis,org.apache.ibatis.cache.decorators,SerializedCache.CustomObjectInputStream,8,0,0,0,3,0,2,0,2,0
mybatis,org.apache.ibatis.cache.decorators,LoggingCache,101,0,4,0,24,0,13,0,11,0
mybatis,org.apache.ibatis.cache.decorators,WeakCache.WeakEntry,8,0,0,0,3,0,1,0,1,0
mybatis,org.apache.ibatis.cache.decorators,SerializedCache,142,0,6,0,33,0,15,0,12,0
mybatis,org.apache.ibatis.cache.decorators,SoftCache,143,0,8,0,38,0,14,0,10,0
mybatis,org.apache.ibatis.cache.decorators,BlockingCache,155,0,10,0,40,0,18,0,13,0
mybatis,org.apache.ibatis.cache.decorators,SoftCache.SoftEntry,8,0,0,0,3,0,1,0,1,0
mybatis,org.apache.ibatis.cache.decorators,LruCache.new LinkedHashMap() {...},31,0,4,0,5,0,4,0,2,0
mybatis,org.apache.ibatis.cache.decorators,WeakCache,118,0,8,0,34,0,14,0,10,0
mybatis,org.apache.ibatis.cache.decorators,TransactionalCache,165,0,14,0,49,0,21,0,14,0
mybatis,org.apache.ibatis.cache.decorators,FifoCache,74,0,2,0,23,0,11,0,10,0
mybatis,org.apache.ibatis.cache.decorators,LruCache,80,0,2,0,23,0,11,0,10,0
mybatis,org.apache.ibatis.cache.decorators,ScheduledCache,86,0,4,0,26,0,14,0,12,0
mybatis,org.apache.ibatis.cache.decorators,SynchronizedCache,45,0,0,0,14,0,10,0,10,0
mybatis,org.apache.ibatis.datasource,DataSourceException,16,0,0,0,8,0,4,0,4,0
mybatis,org.apache.ibatis.executor.statement,StatementUtil,30,0,10,0,12,0,7,0,2,0
mybatis,org.apache.ibatis.executor.statement,CallableStatementHandler,201,0,18,0,42,0,17,0,8,0
mybatis,org.apache.ibatis.executor.statement,RoutingStatementHandler,98,0,4,0,20,0,12,0,9,0
mybatis,org.apache.ibatis.executor.statement,PreparedStatementHandler,112,0,6,0,29,0,10,0,7,0
mybatis,org.apache.ibatis.executor.statement,RoutingStatementHandler.new Object() {...},26,0,0,0,1,0,1,0,1,0
mybatis,org.apache.ibatis.executor.statement,BaseStatementHandler,186,0,14,0,55,0,15,0,8,0
mybatis,org.apache.ibatis.executor.statement,SimpleStatementHandler,119,0,6,0,29,0,10,0,7,0
mybatis,org.apache.ibatis.mapping,MappedStatement,145,0,14,0,41,0,34,0,27,0
mybatis,org.apache.ibatis.mapping,DefaultDatabaseIdProvider,3,0,0,0,1,0,1,0,1,0
mybatis,org.apache.ibatis.mapping,ParameterMap,12,0,0,0,5,0,4,0,4,0
mybatis,org.apache.ibatis.mapping,ResultFlag,38,0,0,0,2,0,4,0,4,0
mybatis,org.apache.ibatis.mapping,ParameterMap.Builder,39,0,0,0,9,0,3,0,3,0
mybatis,org.apache.ibatis.mapping,ParameterMapping,109,0,0,0,23,0,11,0,11,0
mybatis,org.apache.ibatis.mapping,BoundSql,54,0,0,0,15,0,7,0,7,0
mybatis,org.apache.ibatis.mapping,Environment.Builder,29,0,0,0,9,0,5,0,5,0
mybatis,org.apache.ibatis.mapping,ResultMap.Builder.new Comparator() {...},25,0,0,0,4,0,2,0,2,0
mybatis,org.apache.ibatis.mapping,CacheBuilder,485,0,60,0,97,0,46,0,16,0
mybatis,org.apache.ibatis.mapping,Discriminator.Builder,68,0,14,0,11,0,10,0,3,0
mybatis,org.apache.ibatis.mapping,VendorDatabaseIdProvider,91,0,12,0,26,0,12,0,6,0
mybatis,org.apache.ibatis.mapping,ResultMap,43,0,0,0,16,0,14,0,14,0
mybatis,org.apache.ibatis.mapping,ResultSetType,57,0,0,0,8,0,5,0,5,0
mybatis,org.apache.ibatis.mapping,ResultMap.Builder,544,0,68,0,96,0,43,0,9,0
mybatis,org.apache.ibatis.mapping,SqlCommandType,78,0,0,0,2,0,4,0,4,0
mybatis,org.apache.ibatis.mapping,ParameterMapping.Builder,209,0,10,0,46,0,18,0,13,0
mybatis,org.apache.ibatis.mapping,ParameterMode,48,0,0,0,2,0,4,0,4,0
mybatis,org.apache.ibatis.mapping,ResultMapping,227,0,18,0,50,0,30,0,21,0
mybatis,org.apache.ibatis.mapping,Discriminator,15,0,0,0,5,0,4,0,4,0
mybatis,org.apache.ibatis.mapping,FetchType,48,0,0,0,2,0,4,0,4,0
mybatis,org.apache.ibatis.mapping,StatementType,48,0,0,0,2,0,4,0,4,0
mybatis,org.apache.ibatis.mapping,Environment,42,0,6,0,14,0,7,0,4,0
mybatis,org.apache.ibatis.mapping,ResultMapping.Builder,333,0,28,0,68,0,33,0,19,0
mybatis,org.apache.ibatis.mapping,MappedStatement.Builder,313,0,30,0,63,0,37,0,22,0
mybatis,org.apache.ibatis.reflection.property,PropertyNamer,102,0,22,0,13,0,16,0,5,0
mybatis,org.apache.ibatis.reflection.property,PropertyCopier,42,0,4,0,13,0,4,0,2,0
mybatis,org.apache.ibatis.reflection.property,PropertyTokenizer,92,0,6,0,20,0,11,0,8,0
mybatis,org.apache.ibatis.logging.jdk14,Jdk14LoggingImpl,48,0,0,0,15,0,8,0,8,0
mybatis,org.apache.ibatis.logging.commons,JakartaCommonsLoggingImpl,41,0,0,0,15,0,8,0,8,0
mybatis,org.apache.ibatis.logging.log4j,Log4jImpl,59,0,0,0,16,0,9,0,9,0
mybatis,org.apache.ibatis.jdbc,AbstractSQL.new Object() {...},33,0,0,0,1,0,1,0,1,0
mybatis,org.apache.ibatis.jdbc,AbstractSQL.SQLStatement.StatementType,58,0,0,0,2,0,4,0,4,0
mybatis,org.apache.ibatis.jdbc,RuntimeSqlException,16,0,0,0,8,0,4,0,4,0
mybatis,org.apache.ibatis.jdbc,SQL,5,0,0,0,2,0,2,0,2,0
mybatis,org.apache.ibatis.jdbc,SqlBuilder,125,0,0,0,50,0,25,0,25,0
mybatis,org.apache.ibatis.jdbc,AbstractSQL.SQLStatement,393,0,25,0,74,0,22,0,8,0
mybatis,org.apache.ibatis.jdbc,SelectBuilder,99,0,0,0,40,0,20,0,20,0
mybatis,org.apache.ibatis.jdbc,AbstractSQL,404,0,0,0,88,0,38,0,38,0
mybatis,org.apache.ibatis.jdbc,SqlRunner,410,0,32,0,95,0,27,0,11,0
mybatis,org.apache.ibatis.jdbc,ScriptRunner,579,0,60,0,158,0,58,0,28,0
mybatis,org.apache.ibatis.jdbc,Null,338,0,0,0,29,0,6,0,6,0
mybatis,org.apache.ibatis.jdbc,AbstractSQL.SafeAppendable,35,0,4,0,12,0,5,0,3,0
mybatis,org.apache.ibatis.plugin,PluginException,16,0,0,0,8,0,4,0,4,0
mybatis,org.apache.ibatis.plugin,InterceptorChain,36,0,2,0,9,0,5,0,4,0
mybatis,org.apache.ibatis.plugin,Invocation,29,0,0,0,9,0,5,0,5,0
mybatis,org.apache.ibatis.plugin,Plugin,216,0,18,0,41,0,14,0,5,0
mybatis,org.apache.ibatis.datasource.pooled,PooledConnection,191,0,24,0,49,0,34,0,22,0
mybatis,org.apache.ibatis.datasource.pooled,PooledDataSource,1224,0,86,0,262,0,97,0,54,0
mybatis,org.apache.ibatis.datasource.pooled,PooledDataSourceFactory,8,0,0,0,3,0,1,0,1,0
mybatis,org.apache.ibatis.datasource.pooled,PoolState,293,0,10,0,49,0,17,0,12,0
mybatis,org.apache.ibatis.builder.xml,XMLStatementBuilder,500,0,34,0,99,0,26,0,9,0
mybatis,org.apache.ibatis.builder.xml,XMLConfigBuilder,1095,0,104,0,241,0,77,0,25,0
mybatis,org.apache.ibatis.builder.xml,XMLMapperBuilder,1033,0,76,0,243,0,65,0,27,0
mybatis,org.apache.ibatis.builder.xml,XMLIncludeTransformer,268,0,34,0,57,0,23,0,6,0
mybatis,org.apache.ibatis.builder.xml,XMLMapperEntityResolver,68,0,12,0,19,0,9,0,3,0
mybatis,org.apache.ibatis.logging,LogException,16,0,0,0,8,0,4,0,4,0
mybatis,org.apache.ibatis.logging,LogFactory,144,0,4,0,43,0,16,0,14,0
mybatis,org.apache.ibatis.logging,LogFactory.new Runnable() {...},5,0,0,0,3,0,2,0,2,0
mybatis,org.apache.ibatis.logging,LogFactory.new Runnable() {...},5,0,0,0,3,0,2,0,2,0
mybatis,org.apache.ibatis.logging,LogFactory.new Runnable() {...},5,0,0,0,3,0,2,0,2,0
mybatis,org.apache.ibatis.logging,LogFactory.new Runnable() {...},5,0,0,0,3,0,2,0,2,0
mybatis,org.apache.ibatis.logging,LogFactory.new Runnable() {...},5,0,0,0,3,0,2,0,2,0
mybatis,org.apache.ibatis.logging,LogFactory.new Runnable() {...},5,0,0,0,3,0,2,0,2,0
mybatis,org.apache.ibatis.reflection.wrapper,DefaultObjectWrapperFactory,10,0,0,0,3,0,3,0,3,0
mybatis,org.apache.ibatis.reflection.wrapper,BeanWrapper,377,0,24,0,78,0,28,0,16,0
mybatis,org.apache.ibatis.reflection.wrapper,BaseWrapper,303,0,46,0,56,0,28,0,5,0
mybatis,org.apache.ibatis.reflection.wrapper,MapWrapper,218,0,22,0,50,0,25,0,14,0
mybatis,org.apache.ibatis.reflection.wrapper,CollectionWrapper,60,0,0,0,18,0,14,0,14,0
mybatis,org.apache.ibatis.scripting.defaults,RawSqlSource,49,0,2,0,11,0,5,0,4,0
mybatis,org.apache.ibatis.scripting.defaults,DefaultParameterHandler,157,0,16,0,34,0,11,0,3,0
mybatis,org.apache.ibatis.scripting.defaults,RawLanguageDriver,36,0,2,0,10,0,5,0,4,0
mybatis,org.apache.ibatis.transaction.jdbc,JdbcTransactionFactory,16,0,0,0,4,0,4,0,4,0
mybatis,org.apache.ibatis.transaction.jdbc,JdbcTransaction,225,0,32,0,53,0,27,0,11,0
mybatis,org.apache.ibatis.datasource.unpooled,UnpooledDataSource.DriverProxy,38,0,0,0,10,0,8,0,8,0
mybatis,org.apache.ibatis.datasource.unpooled,UnpooledDataSourceFactory,130,0,20,0,31,0,15,0,5,0
mybatis,org.apache.ibatis.datasource.unpooled,UnpooledDataSource,296,0,18,0,96,0,44,0,35,0
mybatis,org.apache.ibatis.binding,MapperRegistry,158,0,12,0,32,0,13,0,7,0
mybatis,org.apache.ibatis.binding,MapperMethod,513,0,58,0,90,0,40,0,9,0
mybatis,org.apache.ibatis.binding,MapperProxy,131,0,12,0,30,0,11,0,5,0
mybatis,org.apache.ibatis.binding,MapperMethod.new Object() {...},40,0,0,0,1,0,1,0,1,0
mybatis,org.apache.ibatis.binding,MapperMethod.SqlCommand,137,0,16,0,28,0,12,0,4,0
mybatis,org.apache.ibatis.binding,MapperProxyFactory,43,0,0,0,9,0,5,0,5,0
mybatis,org.apache.ibatis.binding,BindingException,16,0,0,0,8,0,4,0,4,0
mybatis,org.apache.ibatis.binding,MapperMethod.ParamMap,28,0,2,0,4,0,3,0,2,0
mybatis,org.apache.ibatis.binding,MapperMethod.MethodSignature,213,0,28,0,41,0,28,0,14,0
mybatis,org.apache.ibatis.logging.stdout,StdOutImpl,30,0,0,0,15,0,8,0,8,0
mybatis,org.apache.ibatis.logging.log4j2,Log4j2LoggerImpl,49,0,0,0,16,0,9,0,9,0
mybatis,org.apache.ibatis.logging.log4j2,Log4j2Impl,57,0,2,0,18,0,9,0,8,0
mybatis,org.apache.ibatis.logging.log4j2,Log4j2AbstractLoggerImpl,88,0,0,0,17,0,9,0,9,0
mybatis,org.apache.ibatis.session.defaults,DefaultSqlSessionFactory,195,0,6,0,42,0,17,0,14,0
mybatis,org.apache.ibatis.session.defaults,DefaultSqlSession,589,0,28,0,124,0,50,0,36,0
mybatis,org.apache.ibatis.session.defaults,DefaultSqlSession.StrictMap,28,0,2,0,4,0,3,0,2,0
mybatis,org.apache.ibatis.executor.keygen,Jdbc3KeyGenerator,239,0,34,0,60,0,25,0,8,0
mybatis,org.apache.ibatis.executor.keygen,SelectKeyGenerator,236,0,32,0,46,0,22,0,6,0
mybatis,org.apache.ibatis.executor.keygen,NoKeyGenerator,10,0,0,0,4,0,4,0,4,0
mybatis,org.apache.ibatis.scripting.xmltags,DynamicContext.ContextAccessor,45,0,6,0,14,0,8,0,5,0
mybatis,org.apache.ibatis.scripting.xmltags,WhereSqlNode,46,0,0,0,3,0,2,0,2,0
mybatis,org.apache.ibatis.scripting.xmltags,TrimSqlNode,77,0,4,0,21,0,6,0,4,0
mybatis,org.apache.ibatis.scripting.xmltags,XMLScriptBuilder.ChooseHandler,96,0,10,0,25,0,9,0,4,0
mybatis,org.apache.ibatis.scripting.xmltags,ChooseSqlNode,39,0,6,0,12,0,5,0,2,0
mybatis,org.apache.ibatis.scripting.xmltags,XMLScriptBuilder.SetHandler,29,0,0,0,7,0,2,0,2,0
mybatis,org.apache.ibatis.scripting.xmltags,ForEachSqlNode.FilteredDynamicContext,52,0,0,0,14,0,6,0,6,0
mybatis,org.apache.ibatis.scripting.xmltags,DynamicSqlSource,68,0,4,0,14,0,4,0,2,0
mybatis,org.apache.ibatis.scripting.xmltags,XMLScriptBuilder.IfHandler,31,0,0,0,8,0,2,0,2,0
mybatis,org.apache.ibatis.scripting.xmltags,IfSqlNode,31,0,2,0,9,0,3,0,2,0
mybatis,org.apache.ibatis.scripting.xmltags,MixedSqlNode,24,0,2,0,7,0,3,0,2,0
mybatis,org.apache.ibatis.scripting.xmltags,SetSqlNode,18,0,0,0,3,0,2,0,2,0
mybatis,org.apache.ibatis.scripting.xmltags,VarDeclSqlNode,22,0,0,0,7,0,2,0,2,0
mybatis,org.apache.ibatis.scripting.xmltags,XMLScriptBuilder.WhereHandler,29,0,0,0,7,0,2,0,2,0
mybatis,org.apache.ibatis.scripting.xmltags,XMLScriptBuilder.TrimHandler,49,0,0,0,11,0,2,0,2,0
mybatis,org.apache.ibatis.scripting.xmltags,DynamicContext.ContextMap,27,0,4,0,9,0,4,0,2,0
mybatis,org.apache.ibatis.scripting.xmltags,DynamicContext,86,0,4,0,21,0,9,0,7,0
mybatis,org.apache.ibatis.scripting.xmltags,ExpressionEvaluator,114,0,18,0,22,0,12,0,3,0
mybatis,org.apache.ibatis.scripting.xmltags,ForEachSqlNode.PrefixedContext,61,0,6,0,17,0,10,0,7,0
mybatis,org.apache.ibatis.scripting.xmltags,TextSqlNode.BindingTokenParser,78,0,10,0,16,0,8,0,3,0
mybatis,org.apache.ibatis.scripting.xmltags,OgnlCache,54,0,2,0,12,0,5,0,4,0
mybatis,org.apache.ibatis.scripting.xmltags,XMLScriptBuilder.BindHandler,25,0,0,0,7,0,2,0,2,0
mybatis,org.apache.ibatis.scripting.xmltags,TrimSqlNode.FilteredDynamicContext,197,0,24,0,47,0,21,0,9,0
mybatis,org.apache.ibatis.scripting.xmltags,XMLScriptBuilder.ForEachHandler,59,0,0,0,13,0,2,0,2,0
mybatis,org.apache.ibatis.scripting.xmltags,ForEachSqlNode,226,0,22,0,56,0,18,0,7,0
mybatis,org.apache.ibatis.scripting.xmltags,ForEachSqlNode.FilteredDynamicContext.new TokenHandler() {...},68,0,4,0,5,0,4,0,2,0
mybatis,org.apache.ibatis.scripting.xmltags,XMLLanguageDriver,69,0,4,0,12,0,6,0,4,0
mybatis,org.apache.ibatis.scripting.xmltags,XMLScriptBuilder,229,0,14,0,43,0,12,0,5,0
mybatis,org.apache.ibatis.scripting.xmltags,TextSqlNode.DynamicCheckerTokenParser,11,0,0,0,5,0,3,0,3,0
mybatis,org.apache.ibatis.scripting.xmltags,OgnlClassResolver,60,0,4,0,12,0,4,0,2,0
mybatis,org.apache.ibatis.scripting.xmltags,TextSqlNode,54,0,0,0,14,0,5,0,5,0
mybatis,org.apache.ibatis.scripting.xmltags,XMLScriptBuilder.OtherwiseHandler,21,0,0,0,6,0,2,0,2,0
mybatis,org.apache.ibatis.scripting.xmltags,StaticTextSqlNode,12,0,0,0,5,0,2,0,2,0
mybatis,org.apache.ibatis.executor.result,DefaultResultContext,35,0,0,0,13,0,6,0,6,0
mybatis,org.apache.ibatis.executor.result,DefaultResultHandler,27,0,0,0,9,0,4,0,4,0
mybatis,org.apache.ibatis.executor.result,DefaultMapResultHandler,48,0,0,0,13,0,3,0,3,0
mybatis,org.apache.ibatis.executor.result,ResultMapException,16,0,0,0,8,0,4,0,4,0
mybatis,org.apache.ibatis.datasource.jndi,JndiDataSourceFactory,117,0,14,0,27,0,11,0,4,0
mybatis,org.apache.ibatis.transaction.managed,ManagedTransaction,84,0,12,0,27,0,15,0,9,0
mybatis,org.apache.ibatis.transaction.managed,ManagedTransactionFactory,35,0,4,0,9,0,6,0,4,0
mybatis,org.apache.ibatis.scripting,ScriptingException,16,0,0,0,8,0,4,0,4,0
mybatis,org.apache.ibatis.scripting,LanguageDriverRegistry,88,0,8,0,22,0,11,0,7,0
mybatis,org.apache.ibatis.executor.loader.cglib,CglibProxyFactory.EnhancedResultObjectProxyImpl,177,0,20,0,38,0,13,0,3,0
mybatis,org.apache.ibatis.executor.loader.cglib,CglibProxyFactory.EnhancedDeserializationProxyImpl,57,0,2,0,10,0,5,0,4,0
mybatis,org.apache.ibatis.executor.loader.cglib,CglibProxyFactory,104,0,4,0,26,0,8,0,6,0
mybatis,org.apache.ibatis.executor.loader.cglib,CglibSerialStateHolder,21,0,0,0,5,0,3,0,3,0
mybatis,org.apache.ibatis.logging.nologging,NoLoggingImpl,12,0,0,0,9,0,8,0,8,0
mybatis,org.apache.ibatis.reflection,SystemMetaObject.NullObject,3,0,0,0,1,0,1,0,1,0
mybatis,org.apache.ibatis.reflection,TypeParameterResolver.GenericArrayTypeImpl,9,0,0,0,4,0,2,0,2,0
mybatis,org.apache.ibatis.reflection,MetaObject,223,0,22,0,55,0,31,0,20,0
mybatis,org.apache.ibatis.reflection,TypeParameterResolver.ParameterizedTypeImpl,44,0,0,0,9,0,5,0,5,0
mybatis,org.apache.ibatis.reflection,ArrayUtil,326,0,66,0,74,0,37,0,4,0
mybatis,org.apache.ibatis.reflection,TypeParameterResolver,493,0,68,0,104,0,45,0,11,0
mybatis,org.apache.ibatis.reflection,TypeParameterResolver.WildcardTypeImpl,15,0,0,0,6,0,3,0,3,0
mybatis,org.apache.ibatis.reflection,ReflectionException,16,0,0,0,8,0,4,0,4,0
mybatis,org.apache.ibatis.reflection,MetaClass,345,0,40,0,83,0,38,0,18,0
mybatis,org.apache.ibatis.reflection,SystemMetaObject,28,0,0,0,6,0,3,0,3,0
mybatis,org.apache.ibatis.reflection,DefaultReflectorFactory,47,0,4,0,14,0,6,0,4,0
mybatis,org.apache.ibatis.reflection,ExceptionUtil,23,0,4,0,8,0,4,0,2,0
mybatis,org.apache.ibatis.reflection,Jdk,26,0,0,0,15,0,2,0,2,0
mybatis,org.apache.ibatis.reflection,ParamNameUtil,39,0,2,0,9,0,5,0,4,0
mybatis,org.apache.ibatis.reflection,Reflector,1106,0,138,0,230,0,100,0,31,0
mybatis,org.apache.ibatis.reflection,ParamNameResolver,200,0,32,0,42,0,21,0,5,0
mybatis,org.apache.ibatis.type,BlobTypeHandler,69,0,6,0,19,0,8,0,5,0
mybatis,org.apache.ibatis.type,TimeOnlyTypeHandler,54,0,6,0,15,0,8,0,5,0
mybatis,org.apache.ibatis.type,ZonedDateTimeTypeHandler,40,0,2,0,12,0,7,0,6,0
mybatis,org.apache.ibatis.type,IntegerTypeHandler,24,0,0,0,6,0,5,0,5,0
mybatis,org.apache.ibatis.type,InstantTypeHandler,37,0,2,0,12,0,7,0,6,0
mybatis,org.apache.ibatis.type,JdbcType,483,0,2,0,48,0,6,0,5,0
mybatis,org.apache.ibatis.type,MonthTypeHandler,42,0,6,0,9,0,8,0,5,0
mybatis,org.apache.ibatis.type,SqlTimeTypeHandler,20,0,0,0,6,0,5,0,5,0
mybatis,org.apache.ibatis.type,ByteTypeHandler,24,0,0,0,6,0,5,0,5,0
mybatis,org.apache.ibatis.type,NClobTypeHandler,72,0,6,0,22,0,8,0,5,0
mybatis,org.apache.ibatis.type,SqlTimestampTypeHandler,20,0,0,0,6,0,5,0,5,0
mybatis,org.apache.ibatis.type,ByteArrayUtils,45,0,4,0,10,0,5,0,3,0
mybatis,org.apache.ibatis.type,ObjectTypeHandler,20,0,0,0,6,0,5,0,5,0
mybatis,org.apache.ibatis.type,TypeException,16,0,0,0,8,0,4,0,4,0
mybatis,org.apache.ibatis.type,ArrayTypeHandler,42,0,6,0,10,0,8,0,5,0
mybatis,org.apache.ibatis.type,LocalTimeTypeHandler,37,0,2,0,12,0,7,0,6,0
mybatis,org.apache.ibatis.type,BlobByteObjectArrayTypeHandler,54,0,2,0,14,0,7,0,6,0
mybatis,org.apache.ibatis.type,JapaneseDateTypeHandler,40,0,2,0,12,0,7,0,6,0
mybatis,org.apache.ibatis.type,BlobInputStreamTypeHandler,33,0,2,0,9,0,7,0,6,0
mybatis,org.apache.ibatis.type,CharacterTypeHandler,48,0,6,0,15,0,8,0,5,0
mybatis,org.apache.ibatis.type,DoubleTypeHandler,24,0,0,0,6,0,5,0,5,0
mybatis,org.apache.ibatis.type,BaseTypeHandler,167,0,10,0,36,0,11,0,6,0
mybatis,org.apache.ibatis.type,ByteObjectArrayTypeHandler,42,0,2,0,13,0,7,0,6,0
mybatis,org.apache.ibatis.type,BigIntegerTypeHandler,44,0,6,0,9,0,8,0,5,0
mybatis,org.apache.ibatis.type,OffsetDateTimeTypeHandler,40,0,2,0,12,0,7,0,6,0
mybatis,org.apache.ibatis.type,YearTypeHandler,42,0,6,0,9,0,8,0,5,0
mybatis,org.apache.ibatis.type,OffsetTimeTypeHandler,41,0,2,0,12,0,7,0,6,0
mybatis,org.apache.ibatis.type,NStringTypeHandler,20,0,0,0,6,0,5,0,5,0
mybatis,org.apache.ibatis.type,EnumTypeHandler,68,0,10,0,15,0,10,0,5,0
mybatis,org.apache.ibatis.type,LocalDateTypeHandler,37,0,2,0,12,0,7,0,6,0
mybatis,org.apache.ibatis.type,EnumOrdinalTypeHandler,148,0,10,0,28,0,10,0,5,0
mybatis,org.apache.ibatis.type,ByteArrayTypeHandler,20,0,0,0,6,0,5,0,5,0
mybatis,org.apache.ibatis.type,FloatTypeHandler,24,0,0,0,6,0,5,0,5,0
mybatis,org.apache.ibatis.type,Java8TypeHandlersRegistrar,48,0,0,0,13,0,2,0,2,0
mybatis,org.apache.ibatis.type,YearMonthTypeHandler,42,0,6,0,9,0,8,0,5,0
mybatis,org.apache.ibatis.type,BigDecimalTypeHandler,20,0,0,0,6,0,5,0,5,0
mybatis,org.apache.ibatis.type,LocalDateTimeTypeHandler,37,0,2,0,12,0,7,0,6,0
mybatis,org.apache.ibatis.type,TypeReference,60,0,6,0,14,0,7,0,4,0
mybatis,org.apache.ibatis.type,ShortTypeHandler,24,0,0,0,6,0,5,0,5,0
mybatis,org.apache.ibatis.type,UnknownTypeHandler,203,0,26,0,51,0,24,0,11,0
mybatis,org.apache.ibatis.type,SqlDateTypeHandler,20,0,0,0,6,0,5,0,5,0
mybatis,org.apache.ibatis.type,BooleanTypeHandler,24,0,0,0,6,0,5,0,5,0
mybatis,org.apache.ibatis.type,ClobReaderTypeHandler,33,0,2,0,9,0,7,0,6,0
mybatis,org.apache.ibatis.type,SimpleTypeRegistry,64,0,0,0,18,0,3,0,3,0
mybatis,org.apache.ibatis.type,StringTypeHandler,20,0,0,0,6,0,5,0,5,0
mybatis,org.apache.ibatis.type,TypeAliasRegistry,405,0,22,0,91,0,19,0,8,0
mybatis,org.apache.ibatis.type,LongTypeHandler,24,0,0,0,6,0,5,0,5,0
mybatis,org.apache.ibatis.type,TypeHandlerRegistry,1073,0,86,0,215,0,76,0,33,0
mybatis,org.apache.ibatis.type,DateOnlyTypeHandler,54,0,6,0,15,0,8,0,5,0
mybatis,org.apache.ibatis.type,DateTypeHandler,54,0,6,0,15,0,8,0,5,0
mybatis,org.apache.ibatis.type,ClobTypeHandler,72,0,6,0,22,0,8,0,5,0
mybatis,org.apache.ibatis.executor.loader.javassist,JavassistSerialStateHolder,21,0,0,0,5,0,3,0,3,0
mybatis,org.apache.ibatis.executor.loader.javassist,JavassistProxyFactory.EnhancedDeserializationProxyImpl,57,0,2,0,10,0,5,0,4,0
mybatis,org.apache.ibatis.executor.loader.javassist,JavassistProxyFactory.EnhancedResultObjectProxyImpl,177,0,20,0,38,0,13,0,3,0
mybatis,org.apache.ibatis.executor.loader.javassist,JavassistProxyFactory,113,0,2,0,27,0,7,0,6,0
mybatis,org.apache.ibatis.cursor.defaults,DefaultCursor,193,0,28,0,50,0,24,0,10,0
mybatis,org.apache.ibatis.cursor.defaults,DefaultCursor.CursorIterator,55,0,8,0,14,0,8,0,4,0
mybatis,org.apache.ibatis.cursor.defaults,DefaultCursor.CursorStatus,58,0,0,0,5,0,4,0,4,0
mybatis,org.apache.ibatis.cursor.defaults,DefaultCursor.ObjectWrapperResultHandler,10,0,0,0,4,0,2,0,2,0
mybatis,org.apache.ibatis.reflection.factory,DefaultObjectFactory,198,0,32,0,41,0,23,0,7,0
mybatis,org.apache.ibatis.builder.annotation,MethodResolver,15,0,0,0,6,0,2,0,2,0
mybatis,org.apache.ibatis.builder.annotation,ProviderSqlSource,468,0,52,0,73,0,34,0,8,0
mybatis,org.apache.ibatis.builder.annotation,ProviderContext,15,0,0,0,6,0,3,0,3,0
mybatis,org.apache.ibatis.builder.annotation,MapperAnnotationBuilder,1714,0,220,0,336,0,141,0,31,0
mybatis,org.apache.ibatis.executor,Executor,3,0,0,0,1,0,1,0,1,0
mybatis,org.apache.ibatis.executor,BatchResult,49,0,0,0,17,0,9,0,9,0
mybatis,org.apache.ibatis.executor,BaseExecutor.DeferredLoad,68,0,4,0,14,0,5,0,3,0
mybatis,org.apache.ibatis.executor,ExecutorException,16,0,0,0,8,0,4,0,4,0
mybatis,org.apache.ibatis.executor,BatchExecutor,407,0,22,0,81,0,16,0,5,0
mybatis,org.apache.ibatis.executor,BaseExecutor,645,0,76,0,144,0,61,0,23,0
mybatis,org.apache.ibatis.executor,ExecutionPlaceholder,28,0,0,0,2,0,4,0,4,0
mybatis,org.apache.ibatis.executor,ResultExtractor,105,0,24,0,25,0,14,0,2,0
mybatis,org.apache.ibatis.executor,CachingExecutor,249,0,24,0,56,0,30,0,18,0
mybatis,org.apache.ibatis.executor,ReuseExecutor,172,0,8,0,36,0,13,0,9,0
mybatis,org.apache.ibatis.executor,SimpleExecutor,118,0,0,0,23,0,6,0,6,0
mybatis,org.apache.ibatis.executor,BatchExecutorException,38,0,0,0,9,0,5,0,5,0
mybatis,org.apache.ibatis.executor,ErrorContext,219,0,16,0,62,0,21,0,13,0
mybatis,org.apache.ibatis.cache,NullCacheKey,13,0,0,0,4,0,3,0,3,0
mybatis,org.apache.ibatis.cache,TransactionalCacheManager,79,0,6,0,20,0,10,0,7,0
mybatis,org.apache.ibatis.cache,CacheException,16,0,0,0,8,0,4,0,4,0
mybatis,org.apache.ibatis.cache,CacheKey,203,0,20,0,47,0,20,0,10,0
mybatis,org.apache.ibatis.transaction,TransactionException,16,0,0,0,8,0,4,0,4,0
mybatis,org.apache.ibatis.logging.jdbc,PreparedStatementLogger,191,0,22,0,33,0,15,0,4,0
mybatis,org.apache.ibatis.logging.jdbc,ConnectionLogger,153,0,12,0,28,0,10,0,4,0
mybatis,org.apache.ibatis.logging.jdbc,StatementLogger,128,0,14,0,22,0,11,0,4,0
mybatis,org.apache.ibatis.logging.jdbc,ResultSetLogger,259,0,22,0,63,0,18,0,7,0
mybatis,org.apache.ibatis.logging.jdbc,BaseJdbcLogger,365,0,16,0,84,0,22,0,14,0
mybatis,org.apache.ibatis.logging.slf4j,Slf4jImpl,91,0,2,0,23,0,9,0,8,0
mybatis,org.apache.ibatis.logging.slf4j,Slf4jLocationAwareLoggerImpl,71,0,0,0,17,0,9,0,9,0
mybatis,org.apache.ibatis.logging.slf4j,Slf4jLoggerImpl,40,0,0,0,15,0,8,0,8,0
mybatis,org.apache.ibatis.io,ResolverUtil,212,0,20,0,42,0,20,0,10,0
mybatis,org.apache.ibatis.io,JBoss6VFS.VFS,22,0,2,0,4,0,3,0,2,0
mybatis,org.apache.ibatis.io,JBoss6VFS,175,0,16,0,40,0,16,0,8,0
mybatis,org.apache.ibatis.io,ClassLoaderWrapper,209,0,22,0,38,0,22,0,11,0
mybatis,org.apache.ibatis.io,DefaultVFS,677,0,90,0,134,0,54,0,9,0
mybatis,org.apache.ibatis.io,Resources,199,0,10,0,52,0,25,0,20,0
mybatis,org.apache.ibatis.io,ResolverUtil.IsA,28,0,4,0,5,0,5,0,3,0
mybatis,org.apache.ibatis.io,JBoss6VFS.VirtualFile,58,0,2,0,13,0,4,0,3,0
mybatis,org.apache.ibatis.io,ResolverUtil.AnnotatedWith,28,0,4,0,5,0,5,0,3,0
mybatis,org.apache.ibatis.io,VFS.VFSHolder,107,0,12,0,22,0,9,0,3,0
mybatis,org.apache.ibatis.io,ExternalResources,83,0,4,0,29,0,7,0,5,0
mybatis,org.apache.ibatis.io,VFS,171,0,10,0,37,0,14,0,9,0
mybatis,org.apache.ibatis.executor.resultset,ResultSetWrapper,398,0,50,0,81,0,37,0,12,0
mybatis,org.apache.ibatis.executor.resultset,DefaultResultSetHandler.PendingRelation,3,0,0,0,1,0,1,0,1,0
mybatis,org.apache.ibatis.executor.resultset,DefaultResultSetHandler,2979,0,454,0,623,0,291,0,64,0
mybatis,org.apache.ibatis.executor.resultset,DefaultResultSetHandler.UnMappedColumnAutoMapping,15,0,0,0,6,0,1,0,1,0
mybatis,org.apache.ibatis.executor.resultset,PrimitiveTypes,74,0,0,0,18,0,4,0,4,0
mybatis,org.apache.ibatis.annotations,Options.FlushCachePolicy,48,0,0,0,4,0,4,0,4,0
mybatis,org.apache.ibatis.parsing,XPathParser.new ErrorHandler() {...},11,0,0,0,4,0,4,0,4,0
mybatis,org.apache.ibatis.parsing,GenericTokenParser,210,0,24,0,41,0,14,0,2,0
mybatis,org.apache.ibatis.parsing,PropertyParser,20,0,0,0,5,0,2,0,2,0
mybatis,org.apache.ibatis.parsing,XNode,683,0,76,0,171,0,82,0,44,0
mybatis,org.apache.ibatis.parsing,ParsingException,16,0,0,0,8,0,4,0,4,0
mybatis,org.apache.ibatis.parsing,PropertyParser.VariableTokenHandler,89,0,12,0,19,0,9,0,3,0
mybatis,org.apache.ibatis.parsing,XPathParser,499,0,4,0,115,0,40,0,38,0
mybatis,org.apache.ibatis.cache.impl,PerpetualCache,80,0,8,0,24,0,14,0,10,0
mybatis,org.apache.ibatis.exceptions,TooManyResultsException,16,0,0,0,8,0,4,0,4,0
mybatis,org.apache.ibatis.exceptions,PersistenceException,16,0,0,0,8,0,4,0,4,0
mybatis,org.apache.ibatis.exceptions,IbatisException,16,0,0,0,8,0,4,0,4,0
mybatis,org.apache.ibatis.exceptions,ExceptionFactory,14,0,0,0,3,0,2,0,2,0
mybatis,org.apache.ibatis.executor.loader,ResultLoader,146,0,14,0,31,0,12,0,5,0
mybatis,org.apache.ibatis.executor.loader,ResultLoaderMap.LoadPair.new PrivilegedExceptionAction() {...},33,0,0,0,4,0,2,0,2,0
mybatis,org.apache.ibatis.executor.loader,ResultLoaderMap.ClosedExecutor,27,0,0,0,7,0,6,0,6,0
mybatis,org.apache.ibatis.executor.loader,CglibProxyFactory,3,0,0,0,1,0,1,0,1,0
mybatis,org.apache.ibatis.executor.loader,AbstractEnhancedDeserializationProxy,150,0,14,0,32,0,9,0,2,0
mybatis,org.apache.ibatis.executor.loader,JavassistProxyFactory,3,0,0,0,1,0,1,0,1,0
mybatis,org.apache.ibatis.executor.loader,AbstractSerialStateHolder,204,0,10,0,50,0,11,0,6,0
mybatis,org.apache.ibatis.executor.loader,ResultLoaderMap.LoadPair,388,0,34,0,64,0,22,0,5,0
mybatis,org.apache.ibatis.executor.loader,ResultLoaderMap,140,0,8,0,26,0,14,0,10,0
mybatis,org.apache.ibatis.builder,SqlSourceBuilder.ParameterMappingTokenHandler,269,0,34,0,56,0,22,0,5,0
mybatis,org.apache.ibatis.builder,StaticSqlSource,29,0,0,0,8,0,3,0,3,0
mybatis,org.apache.ibatis.builder,MapperBuilderAssistant,936,0,88,0,208,0,66,0,22,0
mybatis,org.apache.ibatis.builder,BaseBuilder,226,0,28,0,51,0,28,0,14,0
mybatis,org.apache.ibatis.builder,CacheRefResolver,15,0,0,0,5,0,2,0,2,0
mybatis,org.apache.ibatis.builder,ResultMapResolver,40,0,0,0,10,0,2,0,2,0
mybatis,org.apache.ibatis.builder,IncompleteElementException,16,0,0,0,8,0,4,0,4,0
mybatis,org.apache.ibatis.builder,BuilderException,16,0,0,0,8,0,4,0,4,0
mybatis,org.apache.ibatis.builder,SqlSourceBuilder,32,0,0,0,6,0,2,0,2,0
mybatis,org.apache.ibatis.builder,ParameterExpression,302,0,34,0,63,0,27,0,10,0
mybatis,org.apache.ibatis.reflection.invoker,MethodInvoker,31,0,2,0,8,0,4,0,3,0
mybatis,org.apache.ibatis.reflection.invoker,SetFieldInvoker,19,0,0,0,6,0,3,0,3,0
mybatis,org.apache.ibatis.reflection.invoker,GetFieldInvoker,15,0,0,0,5,0,3,0,3,0
mybatis,org.apache.ibatis.session,SqlSessionManager.SqlSessionInterceptor,51,0,2,0,15,0,3,0,2,0
mybatis,org.apache.ibatis.session,SqlSessionException,16,0,0,0,8,0,4,0,4,0
mybatis,org.apache.ibatis.session,Configuration,1138,0,56,0,306,0,156,0,128,0
mybatis,org.apache.ibatis.session,ExecutorType,48,0,0,0,2,0,4,0,4,0
mybatis,org.apache.ibatis.session,LocalCacheScope,38,0,0,0,2,0,4,0,4,0
mybatis,org.apache.ibatis.session,AutoMappingBehavior,48,0,0,0,4,0,4,0,4,0
mybatis,org.apache.ibatis.session,SqlSessionManager,472,0,18,0,103,0,64,0,55,0
mybatis,org.apache.ibatis.session,Configuration.StrictMap.Ambiguity,9,0,0,0,4,0,2,0,2,0
mybatis,org.apache.ibatis.session,TransactionIsolationLevel,79,0,0,0,10,0,5,0,5,0
mybatis,org.apache.ibatis.session,SqlSessionFactoryBuilder,116,0,0,0,24,0,10,0,10,0
mybatis,org.apache.ibatis.session,RowBounds,29,0,0,0,11,0,5,0,5,0
mybatis,org.apache.ibatis.session,AutoMappingUnknownColumnBehavior,87,0,2,0,14,0,6,0,5,0
mybatis,org.apache.ibatis.session,Configuration.StrictMap,134,0,10,0,28,0,12,0,7,0
mybatis,org.apache.ibatis.session,AutoMappingUnknownColumnBehavior.new AutoMappingUnknownColumnBehavior() {...},15,0,0,0,2,0,2,0,2,0
mybatis,org.apache.ibatis.session,AutoMappingUnknownColumnBehavior.new AutoMappingUnknownColumnBehavior() {...},7,0,0,0,2,0,2,0,2,0
mybatis,org.apache.ibatis.session,AutoMappingUnknownColumnBehavior.new AutoMappingUnknownColumnBehavior() {...},14,0,0,0,3,0,2,0,2,0
